
*** Running vivado
    with args -log Counter_wrapper.vdi -applog -m64 -messageDb vivado.pb -mode batch -source Counter_wrapper.tcl -notrace

WARNING: Default location for XILINX_VIVADO_HLS not found: 

****** Vivado v2015.2 (64-bit)
  **** SW Build 1266856 on Fri Jun 26 16:35:25 MDT 2015
  **** IP Build 1264090 on Wed Jun 24 14:22:01 MDT 2015
    ** Copyright 1986-2015 Xilinx, Inc. All Rights Reserved.

source Counter_wrapper.tcl -notrace
Command: open_checkpoint C:/Users/salexa211/Desktop/DDCA/Decimal_Counter/Decimal_Counter.runs/impl_1/Counter_wrapper.dcp
INFO: [Netlist 29-17] Analyzing 7 Unisim elements for replacement
INFO: [Netlist 29-28] Unisim Transformation completed in 0 CPU seconds
INFO: [Project 1-479] Netlist was created with Vivado 2015.2
INFO: [Device 21-403] Loading part xc7a100tcsg324-1
INFO: [Project 1-570] Preparing netlist for logic optimization
Parsing XDC File [C:/Users/salexa211/Desktop/DDCA/Decimal_Counter/Decimal_Counter.runs/impl_1/.Xil/Vivado-10780-Lab-M327-15/dcp/Counter_wrapper.xdc]
Finished Parsing XDC File [C:/Users/salexa211/Desktop/DDCA/Decimal_Counter/Decimal_Counter.runs/impl_1/.Xil/Vivado-10780-Lab-M327-15/dcp/Counter_wrapper.xdc]
INFO: [Project 1-111] Unisim Transformation Summary:
No Unisim elements were transformed.

INFO: [Project 1-484] Checkpoint was created with build 1266856
Command: opt_design
Attempting to get a license for feature 'Implementation' and/or device 'xc7a100t'
INFO: [Common 17-349] Got license for feature 'Implementation' and/or device 'xc7a100t'
INFO: [Common 17-1223] The version limit for your license is '2018.01' and will expire in -2092 days. A version limit expiration means that, although you may be able to continue to use the current version of tools or IP with this license, you will not be eligible for any updates or new releases.
Running DRC as a precondition to command opt_design

Starting DRC Task
INFO: [DRC 23-27] Running DRC with 2 threads
INFO: [Project 1-461] DRC finished with 0 Errors
INFO: [Project 1-462] Please refer to the DRC report (report_drc) for more information.

Time (s): cpu = 00:00:00 ; elapsed = 00:00:00.049 . Memory (MB): peak = 445.020 ; gain = 1.949
